<?xml version="1.0" encoding="utf-8"?><testsuites name="pytest tests"><testsuite name="pytest" errors="0" failures="0" skipped="0" tests="25" time="4.896" timestamp="2026-03-17T16:19:41.189005+00:00" hostname="agent-env-944120bb-ae14-4311-b4c9-2aeeb0ea9058"><testcase classname="test_resellr_backend.TestDashboard" name="test_dashboard_returns_200" time="0.303" /><testcase classname="test_resellr_backend.TestDashboard" name="test_dashboard_has_required_fields" time="0.158" /><testcase classname="test_resellr_backend.TestDashboard" name="test_dashboard_trends_structure" time="0.117" /><testcase classname="test_resellr_backend.TestItems" name="test_get_items_returns_200" time="0.178" /><testcase classname="test_resellr_backend.TestItems" name="test_get_items_with_status_filter" time="0.178" /><testcase classname="test_resellr_backend.TestItems" name="test_get_items_returns_computed_fields" time="0.135" /><testcase classname="test_resellr_backend.TestItems" name="test_create_item_and_verify_persistence" time="0.294" /><testcase classname="test_resellr_backend.TestItems" name="test_update_item_and_verify_changes" time="0.458" /><testcase classname="test_resellr_backend.TestItems" name="test_delete_item_and_verify_removal" time="0.387" /><testcase classname="test_resellr_backend.TestItems" name="test_get_nonexistent_item_returns_404" time="0.127" /><testcase classname="test_resellr_backend.TestPipeline" name="test_pipeline_returns_200" time="0.113" /><testcase classname="test_resellr_backend.TestPipeline" name="test_pipeline_has_all_stages" time="0.135" /><testcase classname="test_resellr_backend.TestPipeline" name="test_pipeline_items_are_properly_grouped" time="0.124" /><testcase classname="test_resellr_backend.TestSourceCalculator" name="test_source_calculate_buy_verdict" time="0.131" /><testcase classname="test_resellr_backend.TestSourceCalculator" name="test_source_calculate_skip_verdict" time="0.125" /><testcase classname="test_resellr_backend.TestSourceCalculator" name="test_source_calculate_different_platforms" time="0.437" /><testcase classname="test_resellr_backend.TestInsights" name="test_insights_returns_200" time="0.133" /><testcase classname="test_resellr_backend.TestInsights" name="test_insights_has_required_fields" time="0.172" /><testcase classname="test_resellr_backend.TestInsights" name="test_insights_monthly_trends_structure" time="0.169" /><testcase classname="test_resellr_backend.TestDeadStock" name="test_deadstock_returns_200" time="0.114" /><testcase classname="test_resellr_backend.TestDeadStock" name="test_deadstock_has_buckets" time="0.121" /><testcase classname="test_resellr_backend.TestDeadStock" name="test_deadstock_items_have_urgency" time="0.137" /><testcase classname="test_resellr_backend.TestSettings" name="test_settings_returns_200" time="0.122" /><testcase classname="test_resellr_backend.TestSettings" name="test_settings_has_required_fields" time="0.149" /><testcase classname="test_resellr_backend.TestSettings" name="test_update_settings_and_verify" time="0.318" /></testsuite></testsuites>